<?xml version="1.0" encoding="UTF-8"?>
<!-- Generated by org.testng.reporters.JUnitXMLReporter -->
<testsuite ignored="0" hostname="Pranalis-MacBook-Pro.local" failures="0" tests="7" name="Default test" time="93.427" errors="0" timestamp="25 Aug 2019 18:30:31 GMT">
  <testcase classname="com.sfdc.qa.testcases.loginPageTest" name="loginvalidateTitleTest" time="0.017"/>
  <testcase classname="com.sfdc.qa.testcases.loginPageTest" name="loginTest" time="7.868"/>
  <testcase classname="com.sfdc.qa.testcases.loginPageTest" name="remeberMeWithUNnPWDTest" time="16.704"/>
  <testcase classname="com.sfdc.qa.testcases.loginPageTest" name="loginwithinvalidUnTest" time="10.013"/>
  <testcase classname="com.sfdc.qa.testcases.loginPageTest" name="loginInvalidUsernameAndPasswordTest" time="10.784"/>
  <testcase classname="com.sfdc.qa.testcases.loginPageTest" name="loginInvalidUsernameAndPasswordTest" time="10.015"/>
  <testcase classname="com.sfdc.qa.testcases.loginPageTest" name="loginInvalidUsernameAndPasswordTest" time="9.951"/>
</testsuite> <!-- Default test -->
