<?xml version="1.0" encoding="UTF-8"?>
<!-- Generated by org.testng.reporters.JUnitXMLReporter -->
<testsuite ignored="2" hostname="Pranalis-MacBook-Pro.local" failures="0" tests="5" name="sfdct est cases" time="32.643" errors="0" timestamp="23 Aug 2019 23:25:02 GMT">
  <testcase classname="com.sfdc.qa.testcases.loginPageTest" name="loginvalidateTitleTest" time="0.136"/>
  <testcase classname="com.sfdc.qa.testcases.forgotPasswordTest" name="forgotPasswordLinkTest" time="0.25"/>
  <testcase classname="com.sfdc.qa.testcases.resetPasswordPageTest" name="enterUsernameAndContinue" time="0.198"/>
  <testcase classname="com.sfdc.qa.testcases.loginPageTest" name="loginTest" time="1.915"/>
  <testcase classname="com.sfdc.qa.testcases.homePageTest" name="clickuserLabelTest" time="4.497"/>
  <testcase classname="com.sfdc.qa.testcases.homePageTest" name="homePageTitleValidationTest" time="0.0">
    <ignored/>
  </testcase> <!-- homePageTitleValidationTest -->
  <testcase classname="com.sfdc.qa.testcases.checkYourEmailPageTest" name="validateCheckMailMsgpageTest" time="0.0">
    <ignored/>
  </testcase> <!-- validateCheckMailMsgpageTest -->
</testsuite> <!-- sfdct est cases -->
