<?xml version="1.0" encoding="UTF-8"?>
<!-- Generated by org.testng.reporters.JUnitXMLReporter -->
<testsuite ignored="2" hostname="Pranalis-MacBook-Pro.local" failures="0" tests="5" name="sfdc test cases" time="58.068" errors="0" timestamp="24 Aug 2019 01:02:07 GMT">
  <testcase classname="com.sfdc.qa.testcases.loginPageTest" name="loginvalidateTitleTest" time="0.046"/>
  <testcase classname="com.sfdc.qa.testcases.forgotPasswordTest" name="forgotPasswordLinkTest" time="0.258"/>
  <testcase classname="com.sfdc.qa.testcases.resetPasswordPageTest" name="enterUsernameAndContinueTest" time="12.196"/>
  <testcase classname="com.sfdc.qa.testcases.loginPageTest" name="loginTest" time="7.906"/>
  <testcase classname="com.sfdc.qa.testcases.homePageTest" name="clickuserLabelTest" time="12.318"/>
  <testcase classname="com.sfdc.qa.testcases.homePageTest" name="homePageTitleValidationTest" time="0.0">
    <ignored/>
  </testcase> <!-- homePageTitleValidationTest -->
  <testcase classname="com.sfdc.qa.testcases.checkYourEmailPageTest" name="validateCheckMailMsgpageTest" time="0.0">
    <ignored/>
  </testcase> <!-- validateCheckMailMsgpageTest -->
</testsuite> <!-- sfdc test cases -->
