<?xml version="1.0" encoding="UTF-8"?>
<!-- Generated by org.testng.reporters.JUnitXMLReporter -->
<testsuite ignored="1" hostname="Pranalis-MacBook-Pro.local" failures="0" tests="1" name="Test 2" time="24.743" errors="0" timestamp="25 Aug 2019 18:55:57 GMT">
  <testcase classname="com.sfdc.qa.testcases.homePageTest" name="clickuserLabelTest" time="12.307"/>
  <testcase classname="com.sfdc.qa.testcases.homePageTest" name="homePageTitleValidationTest" time="0.0">
    <ignored/>
  </testcase> <!-- homePageTitleValidationTest -->
</testsuite> <!-- Test 2 -->
