<?xml version="1.0" encoding="UTF-8"?>
<!-- Generated by org.testng.reporters.JUnitXMLReporter -->
<testsuite ignored="0" hostname="Pranalis-MacBook-Pro.local" failures="0" tests="7" name="Test1" time="89.059" errors="0" timestamp="25 Aug 2019 18:55:32 GMT">
  <testcase classname="com.sfdc.qa.testcases.loginPageTest" name="loginvalidateTitleTest" time="0.048"/>
  <testcase classname="com.sfdc.qa.testcases.loginPageTest" name="loginTest" time="7.623"/>
  <testcase classname="com.sfdc.qa.testcases.loginPageTest" name="remeberMeWithUNnPWDTest" time="16.778"/>
  <testcase classname="com.sfdc.qa.testcases.loginPageTest" name="loginwithinvalidUnTest" time="9.968"/>
  <testcase classname="com.sfdc.qa.testcases.loginPageTest" name="loginInvalidUsernameAndPasswordTest" time="10.758"/>
  <testcase classname="com.sfdc.qa.testcases.loginPageTest" name="loginInvalidUsernameAndPasswordTest" time="10.164"/>
  <testcase classname="com.sfdc.qa.testcases.loginPageTest" name="loginInvalidUsernameAndPasswordTest" time="9.858"/>
</testsuite> <!-- Test1 -->
